\BOOKMARK [0][-]{chapter*.1}{Acr\363nimos}{}% 1
\BOOKMARK [0][-]{chapter*.5}{Resumen}{}% 2
\BOOKMARK [0][-]{chapter*.6}{Summary}{}% 3
\BOOKMARK [0][-]{chapter.1}{1 Introduccion}{}% 4
\BOOKMARK [1][-]{section.1.1}{1.1 Motivacion}{chapter.1}% 5
\BOOKMARK [1][-]{section.1.2}{1.2 Objetivos}{chapter.1}% 6
\BOOKMARK [0][-]{chapter.2}{2 Contexto}{}% 7
\BOOKMARK [1][-]{section.2.1}{2.1 La enfermedad del Alzheimer}{chapter.2}% 8
\BOOKMARK [2][-]{subsection.2.1.1}{2.1.1 Fases de la AD}{section.2.1}% 9
\BOOKMARK [2][-]{subsection.2.1.2}{2.1.2 S\355ntomas}{section.2.1}% 10
\BOOKMARK [2][-]{subsection.2.1.3}{2.1.3 Histopatolog\355a}{section.2.1}% 11
\BOOKMARK [1][-]{section.2.2}{2.2 Base de datos ADNI}{chapter.2}% 12
\BOOKMARK [2][-]{subsection.2.2.1}{2.2.1 Im\341genes m\351dicas}{section.2.2}% 13
\BOOKMARK [1][-]{section.2.3}{2.3 Estado del Arte}{chapter.2}% 14
\BOOKMARK [2][-]{subsection.2.3.1}{2.3.1 Modelos Generadores}{section.2.3}% 15
\BOOKMARK [2][-]{subsection.2.3.2}{2.3.2 Diagn\363stico Asistido por Computador de AD}{section.2.3}% 16
\BOOKMARK [2][-]{subsection.2.3.3}{2.3.3 M\351todos de Aprendizaje Profundo}{section.2.3}% 17
\BOOKMARK [1][-]{section.2.4}{2.4 Entorno de desarrollo}{chapter.2}% 18
\BOOKMARK [0][-]{chapter.3}{3 Fundamentos Te\363ricos}{}% 19
\BOOKMARK [1][-]{section.3.1}{3.1 Autoencoder Variacional}{chapter.3}% 20
\BOOKMARK [2][-]{subsection.3.1.1}{3.1.1 Modelo de Variables Latentes}{section.3.1}% 21
\BOOKMARK [2][-]{subsection.3.1.2}{3.1.2 Modelo Probabil\355stico}{section.3.1}% 22
\BOOKMARK [2][-]{subsection.3.1.3}{3.1.3 Funci\363n Objetivo}{section.3.1}% 23
\BOOKMARK [2][-]{subsection.3.1.4}{3.1.4 Optimizaci\363n de la funci\363n objetivo}{section.3.1}% 24
\BOOKMARK [2][-]{subsection.3.1.5}{3.1.5 El truco de Reparametrizaci\363n}{section.3.1}% 25
\BOOKMARK [2][-]{subsection.3.1.6}{3.1.6 Interpretaci\363n de la funci\363n objetivo}{section.3.1}% 26
\BOOKMARK [2][-]{subsection.3.1.7}{3.1.7 Codificaci\363n y Decodificaci\363n}{section.3.1}% 27
\BOOKMARK [1][-]{section.3.2}{3.2 Redes Neuronales}{chapter.3}% 28
\BOOKMARK [2][-]{subsection.3.2.1}{3.2.1 Red Neuronal Densa}{section.3.2}% 29
\BOOKMARK [2][-]{subsection.3.2.2}{3.2.2 Red Neuronal Convolucional}{section.3.2}% 30
\BOOKMARK [1][-]{section.3.3}{3.3 Herramientas Complementarias}{chapter.3}% 31
\BOOKMARK [2][-]{subsection.3.3.1}{3.3.1 M\341quina de Vectores de Soporte}{section.3.3}% 32
\BOOKMARK [2][-]{subsection.3.3.2}{3.3.2 M\351tricas de Evaluaci\363n Estad\355stica}{section.3.3}% 33
\BOOKMARK [2][-]{subsection.3.3.3}{3.3.3 Validaci\363n Cruzada}{section.3.3}% 34
\BOOKMARK [0][-]{chapter.4}{4 Trabajo Realizado}{}% 35
\BOOKMARK [1][-]{section.4.1}{4.1 Estudio basado en r\351giones cerebrales}{chapter.4}% 36
\BOOKMARK [1][-]{section.4.2}{4.2 Tratamiento de Neuroim\341genes}{chapter.4}% 37
\BOOKMARK [2][-]{subsection.4.2.1}{4.2.1 Fuente de Datos}{section.4.2}% 38
\BOOKMARK [2][-]{subsection.4.2.2}{4.2.2 Procesado Previo}{section.4.2}% 39
\BOOKMARK [2][-]{subsection.4.2.3}{4.2.3 Segmentaci\363n basada en r\351giones}{section.4.2}% 40
\BOOKMARK [1][-]{section.4.3}{4.3 Autoencoder Variacional}{chapter.4}% 41
\BOOKMARK [2][-]{subsection.4.3.1}{4.3.1 Modelo de grafos}{section.4.3}% 42
\BOOKMARK [2][-]{subsection.4.3.2}{4.3.2 Fase de Codificaci\363n}{section.4.3}% 43
\BOOKMARK [2][-]{subsection.4.3.3}{4.3.3 Fase de Reconstrucci\363n}{section.4.3}% 44
\BOOKMARK [2][-]{subsection.4.3.4}{4.3.4 Evaluaci\363n del error}{section.4.3}% 45
\BOOKMARK [2][-]{subsection.4.3.5}{4.3.5 Entrenamiento}{section.4.3}% 46
\BOOKMARK [2][-]{subsection.4.3.6}{4.3.6 Almacenamiento del Grafo}{section.4.3}% 47
\BOOKMARK [2][-]{subsection.4.3.7}{4.3.7 Visualizaci\363n del Grafo con Tensorboard}{section.4.3}% 48
\BOOKMARK [1][-]{section.4.4}{4.4 Autoencoder Variacional Convolucional}{chapter.4}% 49
\BOOKMARK [2][-]{subsection.4.4.1}{4.4.1 Dise\361o del Modelo}{section.4.4}% 50
\BOOKMARK [2][-]{subsection.4.4.2}{4.4.2 Fase de Codificaci\363n}{section.4.4}% 51
\BOOKMARK [2][-]{subsection.4.4.3}{4.4.3 Truco de Reparametrizaci\363n}{section.4.4}% 52
\BOOKMARK [2][-]{subsection.4.4.4}{4.4.4 Fase de Decodificaci\363n}{section.4.4}% 53
\BOOKMARK [2][-]{subsection.4.4.5}{4.4.5 Fase de Estimaci\363n del error}{section.4.4}% 54
\BOOKMARK [1][-]{section.4.5}{4.5 Modelo de Clasificaci\363n}{chapter.4}% 55
\BOOKMARK [2][-]{subsection.4.5.1}{4.5.1 Extracci\363n de Caracter\355sticas por Regi\363n}{section.4.5}% 56
\BOOKMARK [2][-]{subsection.4.5.2}{4.5.2 Evaluaci\363n por Regi\363n}{section.4.5}% 57
\BOOKMARK [2][-]{subsection.4.5.3}{4.5.3 Evaluaci\363n Conjunta}{section.4.5}% 58
\BOOKMARK [0][-]{chapter.5}{5 Pruebas y Resultados}{}% 59
\BOOKMARK [1][-]{section.5.1}{5.1 Evoluci\363n de la reconstrucci\363n de una region}{chapter.5}% 60
\BOOKMARK [2][-]{subsection.5.1.1}{5.1.1 Ejemplo con VAE}{section.5.1}% 61
\BOOKMARK [2][-]{subsection.5.1.2}{5.1.2 Ejemplo con CVAE}{section.5.1}% 62
\BOOKMARK [1][-]{section.5.2}{5.2 Reconstrucci\363n completa del cerebro}{chapter.5}% 63
\BOOKMARK [2][-]{subsection.5.2.1}{5.2.1 Ejemplo con CVAE}{section.5.2}% 64
\BOOKMARK [2][-]{subsection.5.2.2}{5.2.2 Ejemplo con VAE}{section.5.2}% 65
\BOOKMARK [1][-]{section.5.3}{5.3 Visualizaci\363n del c\363digo de la capa latente}{chapter.5}% 66
\BOOKMARK [1][-]{section.5.4}{5.4 Exploraci\363n del c\363digo de la capa latente}{chapter.5}% 67
\BOOKMARK [1][-]{section.5.5}{5.5 Clasificaci\363n}{chapter.5}% 68
\BOOKMARK [2][-]{subsection.5.5.1}{5.5.1 VAE con MRI}{section.5.5}% 69
\BOOKMARK [2][-]{subsection.5.5.2}{5.5.2 VAE con PET}{section.5.5}% 70
\BOOKMARK [2][-]{subsection.5.5.3}{5.5.3 CVAE con MRI}{section.5.5}% 71
\BOOKMARK [2][-]{subsection.5.5.4}{5.5.4 CVAE con PET}{section.5.5}% 72
\BOOKMARK [0][-]{chapter*.44}{Conclusiones y l\355neas futuras}{}% 73
\BOOKMARK [1][-]{subsection.5.5.5}{5.5.5 L\355neas futuras}{chapter*.44}% 74
\BOOKMARK [0][-]{section*.46}{\315ndice alfab\351tico}{}% 75
