This is pdfTeX, Version 3.14159265-2.6-1.40.16 (TeX Live 2015/Debian) (preloaded format=pdflatex 2017.6.26)  15 AUG 2017 19:54
entering extended mode
 restricted \write18 enabled.
 %&-line parsing enabled.
**E1.Bibliografia.tex
(./E1.Bibliografia.tex
LaTeX2e <2016/02/01>
Babel <3.9q> and hyphenation patterns for 81 language(s) loaded.
! Undefined control sequence.
<argument> \undefinedpagestyle 
                               
l.11 \pagestyle{fancy}
                      
The control sequence at the end of the top line
of your error message was never \def'ed. If you have
misspelled it (e.g., `\hobx'), type `I' and the correct
spelling (e.g., `I\hbox'). Otherwise just continue,
and I'll forget about whatever was undefined.

! Undefined control sequence.
l.12 \fancyhead
               [LE,RO]{\thepage}
The control sequence at the end of the top line
of your error message was never \def'ed. If you have
misspelled it (e.g., `\hobx'), type `I' and the correct
spelling (e.g., `I\hbox'). Otherwise just continue,
and I'll forget about whatever was undefined.


! LaTeX Error: Missing \begin{document}.

See the LaTeX manual or LaTeX Companion for explanation.
Type  H <return>  for immediate help.
 ...                                              
                                                  
l.12 \fancyhead[
                LE,RO]{\thepage}
You're in trouble here.  Try typing  <return>  to proceed.
If that doesn't work, type  X <return>  to quit.

Missing character: There is no [ in font nullfont!
Missing character: There is no L in font nullfont!
Missing character: There is no E in font nullfont!
Missing character: There is no , in font nullfont!
Missing character: There is no R in font nullfont!
Missing character: There is no O in font nullfont!
Missing character: There is no ] in font nullfont!
! Undefined control sequence.
l.12 \fancyhead[LE,RO]{\thepage
                               }
The control sequence at the end of the top line
of your error message was never \def'ed. If you have
misspelled it (e.g., `\hobx'), type `I' and the correct
spelling (e.g., `I\hbox'). Otherwise just continue,
and I'll forget about whatever was undefined.

! Undefined control sequence.
l.13 \fancyhead
               [LO]{Bibliografía}
The control sequence at the end of the top line
of your error message was never \def'ed. If you have
misspelled it (e.g., `\hobx'), type `I' and the correct
spelling (e.g., `I\hbox'). Otherwise just continue,
and I'll forget about whatever was undefined.

Missing character: There is no [ in font nullfont!
Missing character: There is no L in font nullfont!
Missing character: There is no O in font nullfont!
Missing character: There is no ] in font nullfont!
Missing character: There is no B in font nullfont!
Missing character: There is no i in font nullfont!
Missing character: There is no b in font nullfont!
Missing character: There is no l in font nullfont!
Missing character: There is no i in font nullfont!
Missing character: There is no o in font nullfont!
Missing character: There is no g in font nullfont!
Missing character: There is no r in font nullfont!
Missing character: There is no a in font nullfont!
Missing character: There is no f in font nullfont!
Missing character: There is no í in font nullfont!
Missing character: There is no a in font nullfont!
! Undefined control sequence.
l.15 \fancyhead
               [RE]{\nouppercase{\rightmark}} %
The control sequence at the end of the top line
of your error message was never \def'ed. If you have
misspelled it (e.g., `\hobx'), type `I' and the correct
spelling (e.g., `I\hbox'). Otherwise just continue,
and I'll forget about whatever was undefined.

Missing character: There is no [ in font nullfont!
Missing character: There is no R in font nullfont!
Missing character: There is no E in font nullfont!
Missing character: There is no ] in font nullfont!
! Undefined control sequence.
l.15 \fancyhead[RE]{\nouppercase
                                {\rightmark}} %
The control sequence at the end of the top line
of your error message was never \def'ed. If you have
misspelled it (e.g., `\hobx'), type `I' and the correct
spelling (e.g., `I\hbox'). Otherwise just continue,
and I'll forget about whatever was undefined.


Overfull \hbox (20.0pt too wide) in paragraph at lines 12--16
[]
 []


! LaTeX Error: Environment thebibliography undefined.

See the LaTeX manual or LaTeX Companion for explanation.
Type  H <return>  for immediate help.
 ...                                              
                                                  
l.27 \begin{thebibliography}
                            {9}
Your command was ignored.
Type  I <command> <return>  to replace it with another command,
or  <return>  to continue without it.


! LaTeX Error: Missing \begin{document}.

See the LaTeX manual or LaTeX Companion for explanation.
Type  H <return>  for immediate help.
 ...                                              
                                                  
l.27 \begin{thebibliography}{9
                              }
You're in trouble here.  Try typing  <return>  to proceed.
If that doesn't work, type  X <return>  to quit.

Missing character: There is no 9 in font nullfont!

Overfull \hbox (20.0pt too wide) in paragraph at lines 27--28
[] 
 []


! LaTeX Error: Lonely \item--perhaps a missing list environment.

See the LaTeX manual or LaTeX Companion for explanation.
Type  H <return>  for immediate help.
 ...                                              
                                                  
l.29 \bibitem{Alzheimer1}
                         
Try typing  <return>  to proceed.
If that doesn't work, type  X <return>  to quit.

! Undefined control sequence.
<argument> \@listctr 
                     
l.29 \bibitem{Alzheimer1}
                         
The control sequence at the end of the top line
of your error message was never \def'ed. If you have
misspelled it (e.g., `\hobx'), type `I' and the correct
spelling (e.g., `I\hbox'). Otherwise just continue,
and I'll forget about whatever was undefined.

! You can't use `\relax' after \the.
<recently read> \c@ 
                    
l.29 \bibitem{Alzheimer1}
                         
I'm forgetting what you said and using zero instead.

\bibcite{Alzheimer1}{0}
Missing character: There is no H in font nullfont!
Missing character: There is no e in font nullfont!
Missing character: There is no n in font nullfont!
Missing character: There is no l in font nullfont!
Missing character: There is no e in font nullfont!
Missing character: There is no y in font nullfont!
Missing character: There is no , in font nullfont!
Missing character: There is no D in font nullfont!
Missing character: There is no a in font nullfont!
Missing character: There is no v in font nullfont!
Missing character: There is no i in font nullfont!
Missing character: There is no d in font nullfont!
Missing character: There is no B in font nullfont!
Missing character: There is no . in font nullfont!
Missing character: There is no , in font nullfont!
Missing character: There is no S in font nullfont!
Missing character: There is no u in font nullfont!
Missing character: There is no n in font nullfont!
Missing character: There is no d in font nullfont!
Missing character: There is no e in font nullfont!
Missing character: There is no l in font nullfont!
Missing character: There is no l in font nullfont!
Missing character: There is no , in font nullfont!
Missing character: There is no K in font nullfont!
Missing character: There is no a in font nullfont!
Missing character: There is no r in font nullfont!
Missing character: There is no e in font nullfont!
Missing character: There is no n in font nullfont!
Missing character: There is no L in font nullfont!
Missing character: There is no . in font nullfont!
Missing character: There is no , in font nullfont!
Missing character: There is no S in font nullfont!
Missing character: There is no e in font nullfont!
Missing character: There is no t in font nullfont!
Missing character: There is no h in font nullfont!
Missing character: There is no u in font nullfont!
Missing character: There is no r in font nullfont!
Missing character: There is no a in font nullfont!
Missing character: There is no m in font nullfont!
Missing character: There is no a in font nullfont!
Missing character: There is no n in font nullfont!
Missing character: There is no , in font nullfont!
Missing character: There is no G in font nullfont!
Missing character: There is no o in font nullfont!
Missing character: There is no p in font nullfont!
Missing character: There is no a in font nullfont!
Missing character: There is no l in font nullfont!
Missing character: There is no a in font nullfont!
Missing character: There is no n in font nullfont!
Missing character: There is no , in font nullfont!
Missing character: There is no S in font nullfont!
Missing character: There is no i in font nullfont!
Missing character: There is no e in font nullfont!
Missing character: There is no m in font nullfont!
Missing character: There is no e in font nullfont!
Missing character: There is no r in font nullfont!
Missing character: There is no s in font nullfont!
Missing character: There is no , in font nullfont!
Missing character: There is no E in font nullfont!
Missing character: There is no r in font nullfont!
Missing character: There is no i in font nullfont!
Missing character: There is no c in font nullfont!
Missing character: There is no R in font nullfont!
Missing character: There is no . in font nullfont!
Missing character: There is no , in font nullfont!
Missing character: There is no 2 in font nullfont!
Missing character: There is no 0 in font nullfont!
Missing character: There is no 1 in font nullfont!
Missing character: There is no 1 in font nullfont!
Missing character: There is no , in font nullfont!
Missing character: There is no , in font nullfont!
Missing character: There is no 4 in font nullfont!
Missing character: There is no 0 in font nullfont!
Missing character: There is no 7 in font nullfont!
Missing character: There is no - in font nullfont!
Missing character: There is no 4 in font nullfont!
Missing character: There is no 1 in font nullfont!
Missing character: There is no 6 in font nullfont!

Overfull \hbox (26.57759pt too wide) in paragraph at lines 30--37
\OT1/cmr/m/it/10 Safety
 []


Overfull \hbox (17.50542pt too wide) in paragraph at lines 30--37
\OT1/cmr/m/it/10 pro-
 []


Overfull \hbox (12.7777pt too wide) in paragraph at lines 30--37
\OT1/cmr/m/it/10 file
 []


Overfull \hbox (8.17773pt too wide) in paragraph at lines 30--37
\OT1/cmr/m/it/10 of
 []


Overfull \hbox (50.74966pt too wide) in paragraph at lines 30--37
\OT1/cmr/m/it/10 Alzheimer's
 []


Overfull \hbox (15.84435pt too wide) in paragraph at lines 30--37
\OT1/cmr/m/it/10 dis-
 []


Overfull \hbox (17.88875pt too wide) in paragraph at lines 30--37
\OT1/cmr/m/it/10 ease
 []


Overfull \hbox (18.39987pt too wide) in paragraph at lines 30--37
\OT1/cmr/m/it/10 pop-
 []


Overfull \hbox (8.94438pt too wide) in paragraph at lines 30--37
\OT1/cmr/m/it/10 u-
 []


Overfull \hbox (11.24437pt too wide) in paragraph at lines 30--37
\OT1/cmr/m/it/10 la-
 []


Overfull \hbox (21.21098pt too wide) in paragraph at lines 30--37
\OT1/cmr/m/it/10 tions
 []


Overfull \hbox (8.68884pt too wide) in paragraph at lines 30--37
\OT1/cmr/m/it/10 in
 []


Overfull \hbox (50.74966pt too wide) in paragraph at lines 30--37
\OT1/cmr/m/it/10 Alzheimer's
 []


Overfull \hbox (18.2832pt too wide) in paragraph at lines 30--37
\OT1/cmr/m/it/10 Dis-
 []


Overfull \hbox (17.88875pt too wide) in paragraph at lines 30--37
\OT1/cmr/m/it/10 ease
 []


Overfull \hbox (20.97763pt too wide) in paragraph at lines 30--37
\OT1/cmr/m/it/10 Neu-
 []


Overfull \hbox (33.34976pt too wide) in paragraph at lines 30--37
\OT1/cmr/m/it/10 roimag-
 []


Overfull \hbox (13.2888pt too wide) in paragraph at lines 30--37
\OT1/cmr/m/it/10 ing
 []


Overfull \hbox (16.12212pt too wide) in paragraph at lines 30--37
\OT1/cmr/m/it/10 Ini-
 []


Overfull \hbox (15.07767pt too wide) in paragraph at lines 30--37
\OT1/cmr/m/it/10 tia-
 []


Overfull \hbox (15.58876pt too wide) in paragraph at lines 30--37
\OT1/cmr/m/it/10 tive
 []


Overfull \hbox (15.84436pt too wide) in paragraph at lines 30--37
\OT1/cmr/m/it/10 and
 []


Overfull \hbox (22.36095pt too wide) in paragraph at lines 30--37
\OT1/cmr/m/it/10 other
 []


Overfull \hbox (13.79991pt too wide) in paragraph at lines 30--37
\OT1/cmr/m/it/10 18-
 []


Overfull \hbox (27.34428pt too wide) in paragraph at lines 30--37
\OT1/cmr/m/it/10 month
 []


Overfull \hbox (21.46652pt too wide) in paragraph at lines 30--37
\OT1/cmr/m/it/10 stud-
 []


Overfull \hbox (11.75548pt too wide) in paragraph at lines 30--37
\OT1/cmr/m/it/10 ies
 []


! LaTeX Error: Lonely \item--perhaps a missing list environment.

See the LaTeX manual or LaTeX Companion for explanation.
Type  H <return>  for immediate help.
 ...                                              
                                                  
l.38 \bibitem{ReservaCognitiva}
                               
Try typing  <return>  to proceed.
If that doesn't work, type  X <return>  to quit.

! Undefined control sequence.
<argument> \@listctr 
                     
l.38 \bibitem{ReservaCognitiva}
                               
The control sequence at the end of the top line
of your error message was never \def'ed. If you have
misspelled it (e.g., `\hobx'), type `I' and the correct
spelling (e.g., `I\hbox'). Otherwise just continue,
and I'll forget about whatever was undefined.

! You can't use `\relax' after \the.
<recently read> \c@ 
                    
l.38 \bibitem{ReservaCognitiva}
                               
I'm forgetting what you said and using zero instead.

\bibcite{ReservaCognitiva}{0}
Missing character: There is no R in font nullfont!
Missing character: There is no o in font nullfont!
Missing character: There is no d in font nullfont!
Missing character: There is no r in font nullfont!
Missing character: There is no í in font nullfont!
Missing character: There is no g in font nullfont!
Missing character: There is no u in font nullfont!
Missing character: There is no e in font nullfont!
Missing character: There is no z in font nullfont!
Missing character: There is no Á in font nullfont!
Missing character: There is no l in font nullfont!
Missing character: There is no v in font nullfont!
Missing character: There is no a in font nullfont!
Missing character: There is no r in font nullfont!
Missing character: There is no e in font nullfont!
Missing character: There is no z in font nullfont!
Missing character: There is no M in font nullfont!
Missing character: There is no . in font nullfont!
Missing character: There is no , in font nullfont!
Missing character: There is no S in font nullfont!
Missing character: There is no á in font nullfont!
Missing character: There is no n in font nullfont!
Missing character: There is no c in font nullfont!
Missing character: There is no h in font nullfont!
Missing character: There is no e in font nullfont!
Missing character: There is no z in font nullfont!
Missing character: There is no J in font nullfont!
Missing character: There is no . in font nullfont!
Missing character: There is no L in font nullfont!
Missing character: There is no . in font nullfont!
Missing character: There is no , in font nullfont!
Missing character: There is no 2 in font nullfont!
Missing character: There is no 0 in font nullfont!
Missing character: There is no 0 in font nullfont!
Missing character: There is no 4 in font nullfont!
Missing character: There is no , in font nullfont!
Missing character: There is no , in font nullfont!
Missing character: There is no 2 in font nullfont!
Missing character: There is no 0 in font nullfont!
Missing character: There is no 0 in font nullfont!
Missing character: There is no 4 in font nullfont!
Missing character: There is no , in font nullfont!
Missing character: There is no v in font nullfont!
Missing character: There is no o in font nullfont!
Missing character: There is no l in font nullfont!
Missing character: There is no . in font nullfont!
Missing character: There is no 2 in font nullfont!
Missing character: There is no 0 in font nullfont!
Missing character: There is no , in font nullfont!
Missing character: There is no n in font nullfont!
Missing character: There is no º in font nullfont!
Missing character: There is no 2 in font nullfont!
Missing character: There is no ( in font nullfont!
Missing character: There is no d in font nullfont!
Missing character: There is no i in font nullfont!
Missing character: There is no c in font nullfont!
Missing character: There is no i in font nullfont!
Missing character: There is no e in font nullfont!
Missing character: There is no m in font nullfont!
Missing character: There is no b in font nullfont!
Missing character: There is no r in font nullfont!
Missing character: There is no e in font nullfont!
Missing character: There is no ) in font nullfont!
Missing character: There is no , in font nullfont!
Missing character: There is no 1 in font nullfont!
Missing character: There is no 7 in font nullfont!
Missing character: There is no 5 in font nullfont!
Missing character: There is no - in font nullfont!
Missing character: There is no 1 in font nullfont!
Missing character: There is no 8 in font nullfont!
Missing character: There is no 6 in font nullfont!

Overfull \hbox (33.99974pt too wide) in paragraph at lines 39--43
\OT1/cmr/m/it/10 Reserva
 []


Overfull \hbox (16.8665pt too wide) in paragraph at lines 39--43
\OT1/cmr/m/it/10 cog-
 []


Overfull \hbox (12.26659pt too wide) in paragraph at lines 39--43
\OT1/cmr/m/it/10 ni-
 []


Overfull \hbox (16.09988pt too wide) in paragraph at lines 39--43
\OT1/cmr/m/it/10 tiva
 []


Overfull \hbox (4.85551pt too wide) in paragraph at lines 39--43
\OT1/cmr/m/it/10 y
 []


Overfull \hbox (13.28879pt too wide) in paragraph at lines 39--43
\OT1/cmr/m/it/10 de-
 []


Overfull \hbox (21.97763pt too wide) in paragraph at lines 39--43
\OT1/cmr/m/it/10 men-
 []


Overfull \hbox (12.7777pt too wide) in paragraph at lines 39--43
\OT1/cmr/m/it/10 cia
 []


! LaTeX Error: \begin{document} ended by \end{thebibliography}.

See the LaTeX manual or LaTeX Companion for explanation.
Type  H <return>  for immediate help.
 ...                                              
                                                  
l.45 \end{thebibliography}
                          
Your command was ignored.
Type  I <command> <return>  to replace it with another command,
or  <return>  to continue without it.


! LaTeX Error: Cannot be used in preamble.

See the LaTeX manual or LaTeX Companion for explanation.
Type  H <return>  for immediate help.
 ...                                              
                                                  
l.52 \nocite{*}
               
Your command was ignored.
Type  I <command> <return>  to replace it with another command,
or  <return>  to continue without it.

! Undefined control sequence.
l.54 \chapterend
                
The control sequence at the end of the top line
of your error message was never \def'ed. If you have
misspelled it (e.g., `\hobx'), type `I' and the correct
spelling (e.g., `I\hbox'). Otherwise just continue,
and I'll forget about whatever was undefined.

)
! Emergency stop.
<*> E1.Bibliografia.tex
                       
*** (job aborted, no legal \end found)

 
Here is how much of TeX's memory you used:
 12 strings out of 493029
 234 string characters out of 6136234
 54063 words of memory out of 5000000
 3647 multiletter control sequences out of 15000+600000
 3986 words of font info for 15 fonts, out of 8000000 for 9000
 1141 hyphenation exceptions out of 8191
 13i,1n,10p,172b,84s stack positions out of 5000i,500n,10000p,200000b,80000s
!  ==> Fatal error occurred, no output PDF file produced!
